Mac Pro (Late 2013)
3.7 GHz Quad-Core Intel Xeon E5/Memory 8GB (1866MHz DDR3)/SSD 512GB

g++ compile option: -std=c++2a -O3 -g3 -Wall -c -fmessage-length=0
hits, micro secs (search function execution only time)

NFA2 -+-
4487
2305	1959	2127	1980	1936	
NFA2 -+-+-
3284
4083	4138	4043	4176	4094	
NFA2 -+-+-+-
2407
5583	5673	5768	5670	5662	
NFA2 -+-+-+-++
1209
8758	8748	8696	8765	8616	
NFA2 -+-+-+-++=
142
11949	12026	11919	11988	11945	
NFA2 _+-
4532
2001	1978	2055	1909	1932	
NFA2 _^-+-
3384
4005	4121	3963	3922	3999	
NFA2 _^_+-+-
2518
5732	5725	5668	5653	5701	
NFA2 _^_^-+-++
1275
8813	8860	8942	8737	8840	
NFA2 _^_^-+-++=
151
12226	12076	12198	12307	12394	
NFA2 _^_
4626
1845	1811	1917	1810	1851	
NFA2 _^_^_
3560
3664	3639	3880	3644	3785	
NFA2 _^_^_^_
2718
5307	5143	5144	5375	5200	
NFA2 _^_^_^_^^
1604
7854	7881	7842	7793	7928	
NFA2 _^_^_^_^^=
218
12093	12168	11974	12058	11970	

First2 -+-
4487
3870	3838	3634	3719	3659	
First2 -+-+-
3284
5781	5811	5736	5868	5598	
First2 -+-+-+-
2407
7647	7592	7499	7406	7510	
First2 -+-+-+-++
1209
10673	11015	10656	10977	10727	
First2 -+-+-+-++=
142
14302	14319	14321	14254	14476	
First2 _+-
4532
3882	3561	3788	3927	3664	
First2 _^-+-
3384
5874	5694	5659	5701	5737	
First2 _^_+-+-
2518
7500	7572	7528	7571	7537	
First2 _^_^-+-++
1275
10411	10937	10711	10848	10513	
First2 _^_^-+-++=
151
14387	14398	14487	14306	14152	
First2 _^_
4626
3537	3821	3336	3534	3603	
First2 _^_^_
3560
5435	5357	5315	5317	5356	
First2 _^_^_^_
2718
6976	7159	6945	7013	6942	
First2 _^_^_^_^^
1604
9621	9835	9395	9661	9928	
First2 _^_^_^_^^=
218
14389	14252	14002	14113	14145	


************************************************
NUC8i7BEH/Windows 11 Pro 22H2
Intel Core i7-8559U @ 2.7GHz/16GB/SSD
-std=c++2a -O3 -g3 -Wall -c -fmessage-length=0

NFA2 -+-
4487
787	981	1005	1034	1134	
NFA2 -+-+-
3284
2521	2389	2755	2636	2393	
NFA2 -+-+-+-
2407
4146	4240	3736	4116	3647	
NFA2 -+-+-+-++
1209
6567	6607	7230	6284	6733	
NFA2 -+-+-+-++=
142
9185	9235	9832	9223	10562	
NFA2 _+-
4532
868	712	769	832	825	
NFA2 _^-+-
3384
2043	2182	2303	2108	2034	
NFA2 _^_+-+-
2518
3271	3335	3528	3337	3395	
NFA2 _^_^-+-++
1275
6102	5922	5977	5894	5941	
NFA2 _^_^_+-++=
154
8834	9759	9340	9422	8765	
NFA2 _^_
4626
909	688	761	746	718	
NFA2 _^_^_
3560
1929	1792	1922	1955	1940	
NFA2 _^_^_^_
2718
3196	3123	3069	3059	3088	
NFA2 _^_^_^_^^
1604
5275	5015	5119	5010	4911	
NFA2 _^_^_^_^^=
218
9160	9081	8792	8632	8654	

First2 -+-
4487
802	789	911	802	760	
First2 -+-+-
3284
1736	1952	2016	1956	1989	
First2 -+-+-+-
2407
2944	3041	2987	3185	3245	
First2 -+-+-+-++
1209
4995	4930	5024	5079	4928	
First2 -+-+-+-++=
142
7071	7059	7208	8028	7310	
First2 _+-
4532
1868	1093	1005	961	935	
First2 _^-+-
3384
2681	2642	2536	2602	2622	
First2 _^_+-+-
2518
4263	4150	4027	4153	3999	
First2 _^_^-+-++
1275
6674	6791	6596	6554	6483	
First2 _^_^_+-++=
154
10142	9462	10076	9602	10017	
First2 _^_
4626
873	1176	1042	1132	1019	
First2 _^_^_
3560
2378	2511	2750	2796	2834	
First2 _^_^_^_
2718
4369	4320	3991	4161	4399	
First2 _^_^_^_^^
1604
7143	6687	6663	6853	7206	
First2 _^_^_^_^^=
218
13157	13168	10210	9817	10387	

